I: Requesting Association
I: Association Accepted
I: Sending Get Request: MsgID 1
I: 
I: # Request Identifier
I: (0008,0052) CS [PATIENT]                                # 1 QueryRetrieveLevel
I: (0010,0020) LO [007]                                    # 1 PatientID
I: 
I: Received Store Request
I: Storing DICOM file: UN.1.2.410.200049.2.473513877067430.3.1.20220915090911029.2914
I: Get SCP Response: 1 - 0xFF00 (Pending)
I: Sub-Operations Remaining: 7, Completed: 1, Failed: 0, Warning: 0
I: Received Store Request
I: Storing DICOM file: UN.1.2.410.200049.2.473513877067430.3.1.20220915091235520.2917
I: Get SCP Response: 2 - 0xFF00 (Pending)
I: Sub-Operations Remaining: 6, Completed: 2, Failed: 0, Warning: 0
I: Received Store Request
I: Storing DICOM file: UN.1.2.410.200049.2.473513877067430.3.1.20220915092108639.2918
I: Get SCP Response: 3 - 0xFF00 (Pending)
I: Sub-Operations Remaining: 5, Completed: 3, Failed: 0, Warning: 0
I: Received Store Request
I: Storing DICOM file: UN.1.2.410.200049.2.473513877067430.3.1.20220915092408867.2919
I: Get SCP Response: 4 - 0xFF00 (Pending)
I: Sub-Operations Remaining: 4, Completed: 4, Failed: 0, Warning: 0
I: Received Store Request
I: Storing DICOM file: UN.1.2.410.200049.2.473513877067430.3.1.20220915092745498.2920
I: Get SCP Response: 5 - 0xFF00 (Pending)
I: Sub-Operations Remaining: 3, Completed: 5, Failed: 0, Warning: 0
I: Received Store Request
I: Storing DICOM file: UN.1.2.410.200049.2.473513877067430.3.1.20220915093316403.2921
I: Get SCP Response: 6 - 0xFF00 (Pending)
I: Sub-Operations Remaining: 2, Completed: 6, Failed: 0, Warning: 0
I: Received Store Request
I: Storing DICOM file: UN.1.2.410.200049.2.473513877067430.3.1.20220915093653032.2922
I: Get SCP Response: 7 - 0xFF00 (Pending)
I: Sub-Operations Remaining: 1, Completed: 7, Failed: 0, Warning: 0
I: Received Store Request
I: Storing DICOM file: UN.1.2.410.200049.2.473513877067430.3.1.20220915093844952.2924
I: Get SCP Response: 8 - 0xFF00 (Pending)
I: Sub-Operations Remaining: 0, Completed: 8, Failed: 0, Warning: 0
I: Get SCP Result: 0x0000 (Success)
I: Sub-Operations Remaining: 0, Completed: 8, Failed: 0, Warning: 0
I: Releasing Association
I: Requesting Association
I: Association Accepted
I: Sending Get Request: MsgID 1
I: 
I: # Request Identifier
I: (0008,0052) CS [PATIENT]                                # 1 QueryRetrieveLevel
I: (0010,0020) LO [007]                                    # 1 PatientID
I: 
I: Received Store Request
I: Storing DICOM file: UN.1.2.410.200049.2.473513877067430.3.1.20220915090911029.2914
W: DICOM file already exists, overwriting
I: Get SCP Response: 1 - 0xFF00 (Pending)
I: Sub-Operations Remaining: 7, Completed: 1, Failed: 0, Warning: 0
I: Received Store Request
I: Storing DICOM file: UN.1.2.410.200049.2.473513877067430.3.1.20220915091235520.2917
W: DICOM file already exists, overwriting
I: Get SCP Response: 2 - 0xFF00 (Pending)
I: Sub-Operations Remaining: 6, Completed: 2, Failed: 0, Warning: 0
I: Received Store Request
I: Storing DICOM file: UN.1.2.410.200049.2.473513877067430.3.1.20220915092108639.2918
W: DICOM file already exists, overwriting
I: Get SCP Response: 3 - 0xFF00 (Pending)
I: Sub-Operations Remaining: 5, Completed: 3, Failed: 0, Warning: 0
I: Received Store Request
I: Storing DICOM file: UN.1.2.410.200049.2.473513877067430.3.1.20220915092408867.2919
W: DICOM file already exists, overwriting
I: Get SCP Response: 4 - 0xFF00 (Pending)
I: Sub-Operations Remaining: 4, Completed: 4, Failed: 0, Warning: 0
I: Received Store Request
I: Storing DICOM file: UN.1.2.410.200049.2.473513877067430.3.1.20220915092745498.2920
W: DICOM file already exists, overwriting
I: Get SCP Response: 5 - 0xFF00 (Pending)
I: Sub-Operations Remaining: 3, Completed: 5, Failed: 0, Warning: 0
I: Received Store Request
I: Storing DICOM file: UN.1.2.410.200049.2.473513877067430.3.1.20220915093316403.2921
W: DICOM file already exists, overwriting
I: Get SCP Response: 6 - 0xFF00 (Pending)
I: Sub-Operations Remaining: 2, Completed: 6, Failed: 0, Warning: 0
I: Received Store Request
I: Storing DICOM file: UN.1.2.410.200049.2.473513877067430.3.1.20220915093653032.2922
W: DICOM file already exists, overwriting
I: Get SCP Response: 7 - 0xFF00 (Pending)
I: Sub-Operations Remaining: 1, Completed: 7, Failed: 0, Warning: 0
I: Received Store Request
I: Storing DICOM file: UN.1.2.410.200049.2.473513877067430.3.1.20220915093844952.2924
W: DICOM file already exists, overwriting
I: Get SCP Response: 8 - 0xFF00 (Pending)
I: Sub-Operations Remaining: 0, Completed: 8, Failed: 0, Warning: 0
I: Get SCP Result: 0x0000 (Success)
I: Sub-Operations Remaining: 0, Completed: 8, Failed: 0, Warning: 0
I: Releasing Association
