I: Requesting Association
I: Association Accepted
I: Sending Get Request: MsgID 1
I: 
I: # Request Identifier
I: (0008,0052) CS [PATIENT]                                # 1 QueryRetrieveLevel
I: (0010,0020) LO [PAT001]                                 # 1 PatientID
I: 
I: Received Store Request
I: Storing DICOM file: SC.2.25.100475983797508648069888712741659864404
I: Get SCP Response: 1 - 0xFF00 (Pending)
I: Sub-Operations Remaining: 6, Completed: 1, Failed: 0, Warning: 0
I: Received Store Request
I: Storing DICOM file: SC.2.25.104475565435591234627200832124425555935
I: Get SCP Response: 2 - 0xFF00 (Pending)
I: Sub-Operations Remaining: 5, Completed: 2, Failed: 0, Warning: 0
I: Received Store Request
I: Storing DICOM file: SC.2.25.83454294407770467314396444520661667158
I: Get SCP Response: 3 - 0xFF00 (Pending)
I: Sub-Operations Remaining: 4, Completed: 3, Failed: 0, Warning: 0
I: Received Store Request
I: Storing DICOM file: SC.2.25.243453146948994188141008907829803532236
I: Get SCP Response: 4 - 0xFF00 (Pending)
I: Sub-Operations Remaining: 3, Completed: 4, Failed: 0, Warning: 0
I: Received Store Request
I: Storing DICOM file: SC.2.25.325913402436641176757189073851668545905
I: Get SCP Response: 5 - 0xFF00 (Pending)
I: Sub-Operations Remaining: 2, Completed: 5, Failed: 0, Warning: 0
I: Received Store Request
I: Storing DICOM file: SC.2.25.26969174806485375018367251624437106554
I: Get SCP Response: 6 - 0xFF00 (Pending)
I: Sub-Operations Remaining: 1, Completed: 6, Failed: 0, Warning: 0
I: Received Store Request
I: Storing DICOM file: SC.2.25.295593166775877119254350700726379269229
I: Get SCP Response: 7 - 0xFF00 (Pending)
I: Sub-Operations Remaining: 0, Completed: 7, Failed: 0, Warning: 0
I: Get SCP Result: 0x0000 (Success)
I: Sub-Operations Remaining: 0, Completed: 7, Failed: 0, Warning: 0
I: Releasing Association
I: Requesting Association
I: Association Accepted
I: Sending Get Request: MsgID 1
I: 
I: # Request Identifier
I: (0008,0052) CS [PATIENT]                                # 1 QueryRetrieveLevel
I: (0010,0020) LO [PAT001]                                 # 1 PatientID
I: 
I: Received Store Request
I: Storing DICOM file: SC.2.25.100475983797508648069888712741659864404
W: DICOM file already exists, overwriting
I: Get SCP Response: 1 - 0xFF00 (Pending)
I: Sub-Operations Remaining: 6, Completed: 1, Failed: 0, Warning: 0
I: Received Store Request
I: Storing DICOM file: SC.2.25.104475565435591234627200832124425555935
W: DICOM file already exists, overwriting
I: Get SCP Response: 2 - 0xFF00 (Pending)
I: Sub-Operations Remaining: 5, Completed: 2, Failed: 0, Warning: 0
I: Received Store Request
I: Storing DICOM file: SC.2.25.83454294407770467314396444520661667158
W: DICOM file already exists, overwriting
I: Get SCP Response: 3 - 0xFF00 (Pending)
I: Sub-Operations Remaining: 4, Completed: 3, Failed: 0, Warning: 0
I: Received Store Request
I: Storing DICOM file: SC.2.25.243453146948994188141008907829803532236
W: DICOM file already exists, overwriting
I: Get SCP Response: 4 - 0xFF00 (Pending)
I: Sub-Operations Remaining: 3, Completed: 4, Failed: 0, Warning: 0
I: Received Store Request
I: Storing DICOM file: SC.2.25.325913402436641176757189073851668545905
W: DICOM file already exists, overwriting
I: Get SCP Response: 5 - 0xFF00 (Pending)
I: Sub-Operations Remaining: 2, Completed: 5, Failed: 0, Warning: 0
I: Received Store Request
I: Storing DICOM file: SC.2.25.26969174806485375018367251624437106554
W: DICOM file already exists, overwriting
I: Get SCP Response: 6 - 0xFF00 (Pending)
I: Sub-Operations Remaining: 1, Completed: 6, Failed: 0, Warning: 0
I: Received Store Request
I: Storing DICOM file: SC.2.25.295593166775877119254350700726379269229
W: DICOM file already exists, overwriting
I: Get SCP Response: 7 - 0xFF00 (Pending)
I: Sub-Operations Remaining: 0, Completed: 7, Failed: 0, Warning: 0
I: Get SCP Result: 0x0000 (Success)
I: Sub-Operations Remaining: 0, Completed: 7, Failed: 0, Warning: 0
I: Releasing Association
I: Requesting Association
I: Association Accepted
I: Sending Get Request: MsgID 1
I: 
I: # Request Identifier
I: (0008,0052) CS [PATIENT]                                # 1 QueryRetrieveLevel
I: (0010,0020) LO [PAT001]                                 # 1 PatientID
I: 
I: Received Store Request
I: Storing DICOM file: SC.2.25.100475983797508648069888712741659864404
W: DICOM file already exists, overwriting
I: Get SCP Response: 1 - 0xFF00 (Pending)
I: Sub-Operations Remaining: 6, Completed: 1, Failed: 0, Warning: 0
E: DIMSE timeout reached while waiting for message response
I: Aborting Association
